2025-05-26 00:15:01,993 - INFO - Running evaluation with arguments: Namespace(model_path='tuning_runs/phasenet_Iquique/lr1e-2_s20_e40/phasenet_best_lr1e-2_s20_e40.pth', dataset_name='Iquique', force_download_data=False, context_window_samples_before=3000, context_window_length=6000, model_input_samples=3001, sigma=20.0, batch_size=256, detection_threshold=0.3, skip_noise_metrics=False, num_workers=4, output_dir='tuning_runs/phasenet_Iquique/lr1e-2_s20_e40/evaluation', num_plot_examples=3)
2025-05-26 00:15:02,213 - INFO - Successfully loaded model from: tuning_runs/phasenet_Iquique/lr1e-2_s20_e40/phasenet_best_lr1e-2_s20_e40.pth
2025-05-26 00:15:02,213 - INFO - Loading TEST set for dataset: Iquique
2025-05-26 00:15:02,213 | seisbench | WARNING | Check available storage and memory before downloading and general use of Iquique dataset. Dataset size: waveforms.hdf5 ~5Gb, metadata.csv ~2.6Mb
2025-05-26 00:15:02,213 - WARNING - Check available storage and memory before downloading and general use of Iquique dataset. Dataset size: waveforms.hdf5 ~5Gb, metadata.csv ~2.6Mb
2025-05-26 00:15:02,350 | seisbench | WARNING | Output component order not specified, defaulting to 'ZNE'.
2025-05-26 00:15:02,350 - WARNING - Output component order not specified, defaulting to 'ZNE'.
2025-05-26 00:15:02,369 - INFO - Test set size (using default split): 4020
2025-05-26 00:15:02,369 - INFO - Running evaluation on the test set...
Evaluating Test Set:   0%|          | 0/16 [00:00<?, ?it/s]2025-05-26 00:15:08,087 - INFO - First evaluation batch X shape: torch.Size([256, 3, 3001]) (dtype: torch.float32), y shape: torch.Size([256, 3, 3001]) (dtype: torch.float32)
Evaluating Test Set:   6%|▋         | 1/16 [00:05<01:29,  5.97s/it]Evaluating Test Set:  12%|█▎        | 2/16 [00:06<00:36,  2.58s/it]Evaluating Test Set:  19%|█▉        | 3/16 [00:06<00:19,  1.50s/it]Evaluating Test Set:  25%|██▌       | 4/16 [00:06<00:12,  1.00s/it]Evaluating Test Set:  31%|███▏      | 5/16 [00:09<00:18,  1.66s/it]Evaluating Test Set:  38%|███▊      | 6/16 [00:09<00:11,  1.17s/it]Evaluating Test Set:  44%|████▍     | 7/16 [00:09<00:07,  1.14it/s]Evaluating Test Set:  50%|█████     | 8/16 [00:10<00:05,  1.50it/s]Evaluating Test Set:  56%|█████▋    | 9/16 [00:13<00:10,  1.48s/it]Evaluating Test Set:  62%|██████▎   | 10/16 [00:13<00:06,  1.09s/it]Evaluating Test Set:  69%|██████▉   | 11/16 [00:13<00:04,  1.21it/s]Evaluating Test Set:  75%|███████▌  | 12/16 [00:14<00:02,  1.56it/s]Evaluating Test Set:  81%|████████▏ | 13/16 [00:16<00:03,  1.29s/it]Evaluating Test Set:  88%|████████▊ | 14/16 [00:17<00:01,  1.03it/s]Evaluating Test Set:  94%|█████████▍| 15/16 [00:17<00:00,  1.38it/s]Evaluating Test Set: 100%|██████████| 16/16 [00:17<00:00,  1.84it/s]Evaluating Test Set: 100%|██████████| 16/16 [00:17<00:00,  1.09s/it]
Traceback (most recent call last):
  File "/home/skataoka26/ann_final/evaluate.py", line 227, in <module>
    main(args)
  File "/home/skataoka26/ann_final/evaluate.py", line 169, in main
    precision_vals, recall_vals, _ = precision_recall_curve(true_phase_probs, pred_phase_probs)
  File "/home/skataoka26/ann_final/venv/lib/python3.9/site-packages/sklearn/utils/_param_validation.py", line 216, in wrapper
    return func(*args, **kwargs)
  File "/home/skataoka26/ann_final/venv/lib/python3.9/site-packages/sklearn/metrics/_ranking.py", line 1005, in precision_recall_curve
    fps, tps, thresholds = _binary_clf_curve(
  File "/home/skataoka26/ann_final/venv/lib/python3.9/site-packages/sklearn/metrics/_ranking.py", line 818, in _binary_clf_curve
    raise ValueError("{0} format is not supported".format(y_type))
ValueError: continuous format is not supported
