2025-05-26 01:02:11,647 - INFO - Running evaluation with arguments: Namespace(model_path='tuning_runs/phasenet_Iquique/lr1e-3_s30_e40/phasenet_best_lr1e-3_s30_e40.pth', dataset_name='Iquique', force_download_data=False, context_window_samples_before=3000, context_window_length=6000, model_input_samples=3001, sigma=30.0, batch_size=256, detection_threshold=0.3, skip_noise_metrics=False, num_workers=4, output_dir='tuning_runs/phasenet_Iquique/lr1e-3_s30_e40/evaluation', num_plot_examples=3)
2025-05-26 01:02:11,969 - INFO - Successfully loaded model from: tuning_runs/phasenet_Iquique/lr1e-3_s30_e40/phasenet_best_lr1e-3_s30_e40.pth
2025-05-26 01:02:11,969 - INFO - Loading TEST set for dataset: Iquique
2025-05-26 01:02:11,969 | seisbench | WARNING | Check available storage and memory before downloading and general use of Iquique dataset. Dataset size: waveforms.hdf5 ~5Gb, metadata.csv ~2.6Mb
2025-05-26 01:02:11,969 - WARNING - Check available storage and memory before downloading and general use of Iquique dataset. Dataset size: waveforms.hdf5 ~5Gb, metadata.csv ~2.6Mb
2025-05-26 01:02:12,020 | seisbench | WARNING | Output component order not specified, defaulting to 'ZNE'.
2025-05-26 01:02:12,020 - WARNING - Output component order not specified, defaulting to 'ZNE'.
2025-05-26 01:02:12,039 - INFO - Test set size (using default split): 4020
2025-05-26 01:02:12,039 - INFO - Running evaluation on the test set...
Evaluating Test Set:   0%|          | 0/16 [00:00<?, ?it/s]2025-05-26 01:02:14,073 - INFO - First evaluation batch X shape: torch.Size([256, 3, 3001]) (dtype: torch.float32), y shape: torch.Size([256, 3, 3001]) (dtype: torch.float32)
Evaluating Test Set:   6%|▋         | 1/16 [00:02<00:35,  2.37s/it]Evaluating Test Set:  12%|█▎        | 2/16 [00:02<00:15,  1.14s/it]Evaluating Test Set:  19%|█▉        | 3/16 [00:02<00:09,  1.34it/s]Evaluating Test Set:  25%|██▌       | 4/16 [00:03<00:07,  1.71it/s]Evaluating Test Set:  31%|███▏      | 5/16 [00:04<00:08,  1.33it/s]Evaluating Test Set:  38%|███▊      | 6/16 [00:04<00:05,  1.69it/s]Evaluating Test Set:  44%|████▍     | 7/16 [00:04<00:04,  2.08it/s]Evaluating Test Set:  50%|█████     | 8/16 [00:05<00:03,  2.43it/s]Evaluating Test Set:  56%|█████▋    | 9/16 [00:06<00:05,  1.34it/s]Evaluating Test Set:  62%|██████▎   | 10/16 [00:06<00:03,  1.64it/s]Evaluating Test Set:  69%|██████▉   | 11/16 [00:07<00:02,  1.97it/s]Evaluating Test Set:  75%|███████▌  | 12/16 [00:07<00:01,  2.22it/s]Evaluating Test Set:  81%|████████▏ | 13/16 [00:08<00:02,  1.30it/s]Evaluating Test Set:  88%|████████▊ | 14/16 [00:09<00:01,  1.70it/s]Evaluating Test Set:  94%|█████████▍| 15/16 [00:09<00:00,  2.17it/s]Evaluating Test Set: 100%|██████████| 16/16 [00:09<00:00,  2.83it/s]Evaluating Test Set: 100%|██████████| 16/16 [00:09<00:00,  1.69it/s]
2025-05-26 01:02:21,605 - INFO - 
--- Evaluation Metrics --- 
  Phase  Precision    Recall  F1-Score    PR_AUC  Threshold_for_PRF1
0     P   0.968475  0.985821  0.977071  0.998102                 0.3
1     S   0.968895  0.984080  0.976428  0.998113                 0.3
2     N   0.967734  0.984826  0.976205  0.998126                 0.3
2025-05-26 01:02:21,607 - INFO - Saved metrics to tuning_runs/phasenet_Iquique/lr1e-3_s30_e40/evaluation/phasenet_best_lr1e-3_s30_e40_Iquique_metrics_thresh0.3.csv
2025-05-26 01:02:22,019 - INFO - Saved PR curves to tuning_runs/phasenet_Iquique/lr1e-3_s30_e40/evaluation/phasenet_best_lr1e-3_s30_e40_Iquique_PR_curves.png
Traceback (most recent call last):
  File "/home/skataoka26/ann_final/evaluate.py", line 297, in <module>
    main(args)
  File "/home/skataoka26/ann_final/evaluate.py", line 239, in main
    med = statistics.median(errs)
NameError: name 'statistics' is not defined
