2025-05-26 01:02:11,647 - INFO - Running evaluation with arguments: Namespace(model_path='tuning_runs/phasenet_Iquique/lr1e-4_s20_e40/phasenet_best_lr1e-4_s20_e40.pth', dataset_name='Iquique', force_download_data=False, context_window_samples_before=3000, context_window_length=6000, model_input_samples=3001, sigma=20.0, batch_size=256, detection_threshold=0.3, skip_noise_metrics=False, num_workers=4, output_dir='tuning_runs/phasenet_Iquique/lr1e-4_s20_e40/evaluation', num_plot_examples=3)
2025-05-26 01:02:12,314 - INFO - Successfully loaded model from: tuning_runs/phasenet_Iquique/lr1e-4_s20_e40/phasenet_best_lr1e-4_s20_e40.pth
2025-05-26 01:02:12,314 - INFO - Loading TEST set for dataset: Iquique
2025-05-26 01:02:12,314 | seisbench | WARNING | Check available storage and memory before downloading and general use of Iquique dataset. Dataset size: waveforms.hdf5 ~5Gb, metadata.csv ~2.6Mb
2025-05-26 01:02:12,314 - WARNING - Check available storage and memory before downloading and general use of Iquique dataset. Dataset size: waveforms.hdf5 ~5Gb, metadata.csv ~2.6Mb
2025-05-26 01:02:12,365 | seisbench | WARNING | Output component order not specified, defaulting to 'ZNE'.
2025-05-26 01:02:12,365 - WARNING - Output component order not specified, defaulting to 'ZNE'.
2025-05-26 01:02:12,384 - INFO - Test set size (using default split): 4020
2025-05-26 01:02:12,385 - INFO - Running evaluation on the test set...
Evaluating Test Set:   0%|          | 0/16 [00:00<?, ?it/s]2025-05-26 01:02:14,380 - INFO - First evaluation batch X shape: torch.Size([256, 3, 3001]) (dtype: torch.float32), y shape: torch.Size([256, 3, 3001]) (dtype: torch.float32)
Evaluating Test Set:   6%|▋         | 1/16 [00:02<00:34,  2.31s/it]Evaluating Test Set:  12%|█▎        | 2/16 [00:02<00:15,  1.10s/it]Evaluating Test Set:  19%|█▉        | 3/16 [00:02<00:09,  1.37it/s]Evaluating Test Set:  25%|██▌       | 4/16 [00:03<00:06,  1.86it/s]Evaluating Test Set:  31%|███▏      | 5/16 [00:04<00:09,  1.16it/s]Evaluating Test Set:  38%|███▊      | 6/16 [00:04<00:06,  1.51it/s]Evaluating Test Set:  44%|████▍     | 7/16 [00:05<00:04,  1.82it/s]Evaluating Test Set:  50%|█████     | 8/16 [00:05<00:03,  2.21it/s]Evaluating Test Set:  56%|█████▋    | 9/16 [00:06<00:05,  1.36it/s]Evaluating Test Set:  62%|██████▎   | 10/16 [00:07<00:03,  1.68it/s]Evaluating Test Set:  69%|██████▉   | 11/16 [00:07<00:02,  2.01it/s]Evaluating Test Set:  75%|███████▌  | 12/16 [00:07<00:01,  2.40it/s]Evaluating Test Set:  81%|████████▏ | 13/16 [00:08<00:02,  1.49it/s]Evaluating Test Set:  88%|████████▊ | 14/16 [00:08<00:01,  1.97it/s]Evaluating Test Set:  94%|█████████▍| 15/16 [00:09<00:00,  2.49it/s]Evaluating Test Set: 100%|██████████| 16/16 [00:09<00:00,  3.18it/s]Evaluating Test Set: 100%|██████████| 16/16 [00:09<00:00,  1.74it/s]
2025-05-26 01:02:21,695 - INFO - 
--- Evaluation Metrics --- 
  Phase  Precision    Recall  F1-Score    PR_AUC  Threshold_for_PRF1
0     P   0.979104  0.979104  0.979104  0.992922                 0.3
1     S   0.978856  0.978856  0.978856  0.996360                 0.3
2     N   0.979369  0.980100  0.979734  0.996568                 0.3
2025-05-26 01:02:21,697 - INFO - Saved metrics to tuning_runs/phasenet_Iquique/lr1e-4_s20_e40/evaluation/phasenet_best_lr1e-4_s20_e40_Iquique_metrics_thresh0.3.csv
2025-05-26 01:02:22,098 - INFO - Saved PR curves to tuning_runs/phasenet_Iquique/lr1e-4_s20_e40/evaluation/phasenet_best_lr1e-4_s20_e40_Iquique_PR_curves.png
Traceback (most recent call last):
  File "/home/skataoka26/ann_final/evaluate.py", line 297, in <module>
    main(args)
  File "/home/skataoka26/ann_final/evaluate.py", line 266, in main
    csvs = glob.glob(os.path.join(os.path.dirname(args.output_dir), "*/evaluation", "*_metrics_*.csv"))
NameError: name 'glob' is not defined
