SLURM_JOB_ID: 1900072
SLURM_ARRAY_JOB_ID: 1900072
SLURM_ARRAY_TASK_ID: 5
Running on host: dgx001
CUDA_VISIBLE_DEVICES: 0
Sun May 25 12:28:17 2025       
+-----------------------------------------------------------------------------------------+
| NVIDIA-SMI 565.57.01              Driver Version: 565.57.01      CUDA Version: 12.7     |
|-----------------------------------------+------------------------+----------------------+
| GPU  Name                 Persistence-M | Bus-Id          Disp.A | Volatile Uncorr. ECC |
| Fan  Temp   Perf          Pwr:Usage/Cap |           Memory-Usage | GPU-Util  Compute M. |
|                                         |                        |               MIG M. |
|=========================================+========================+======================|
|   0  NVIDIA A100-SXM4-80GB          On  |   00000000:90:00.0 Off |                    0 |
| N/A   36C    P0             63W /  400W |       1MiB /  81920MiB |      0%      Default |
|                                         |                        |             Disabled |
+-----------------------------------------+------------------------+----------------------+
                                                                                         
+-----------------------------------------------------------------------------------------+
| Processes:                                                                              |
|  GPU   GI   CI        PID   Type   Process name                              GPU Memory |
|        ID   ID                                                               Usage      |
|=========================================================================================|
|  No running processes found                                                             |
+-----------------------------------------------------------------------------------------+
Virtual environment activated.
Current directory: /home/skataoka26/ann_final
--- Starting Training Run ---
Task ID: 5, Dataset: Iquique, LR: 1e-4, Sigma: 20, Epochs: 40
Output Dir: tuning_runs/phasenet_Iquique/lr1e-4_s20_e40, Model File: phasenet_best_lr1e-4_s20_e40.pth, Pretrained: false
Executing Training: python gpt_cnn.py     --dataset_name Iquique     --learning_rate 1e-4     --epochs 40     --batch_size 128     --sigma 20     --num_workers 4     --output_dir tuning_runs/phasenet_Iquique/lr1e-4_s20_e40     --model_filename phasenet_best_lr1e-4_s20_e40.pth     --log_interval 20
Training COMPLETED for lr1e-4_s20_e40.
--- Starting Evaluation for lr1e-4_s20_e40 ---
Executing Evaluation: python evaluate.py         --model_path tuning_runs/phasenet_Iquique/lr1e-4_s20_e40/phasenet_best_lr1e-4_s20_e40.pth         --dataset_name Iquique         --sigma 20         --batch_size 256         --num_workers 4         --detection_threshold 0.3         --output_dir tuning_runs/phasenet_Iquique/lr1e-4_s20_e40/evaluation         --num_plot_examples 3
Evaluation FAILED for lr1e-4_s20_e40.
--- Slurm Job Task 5 Finished ---
