2025-05-26 01:12:40,820 - INFO - Running evaluation with arguments: Namespace(model_path='tuning_runs/phasenet_Iquique/lr1e-2_s30_e40/phasenet_best_lr1e-2_s30_e40.pth', dataset_name='Iquique', force_download_data=False, context_window_samples_before=3000, context_window_length=6000, model_input_samples=3001, sigma=30.0, batch_size=256, detection_threshold=0.3, skip_noise_metrics=False, num_workers=4, output_dir='tuning_runs/phasenet_Iquique/lr1e-2_s30_e40/evaluation', num_plot_examples=3)
2025-05-26 01:12:41,274 - INFO - Successfully loaded model from: tuning_runs/phasenet_Iquique/lr1e-2_s30_e40/phasenet_best_lr1e-2_s30_e40.pth
2025-05-26 01:12:41,275 - INFO - Loading TEST set for dataset: Iquique
2025-05-26 01:12:41,275 | seisbench | WARNING | Check available storage and memory before downloading and general use of Iquique dataset. Dataset size: waveforms.hdf5 ~5Gb, metadata.csv ~2.6Mb
2025-05-26 01:12:41,275 - WARNING - Check available storage and memory before downloading and general use of Iquique dataset. Dataset size: waveforms.hdf5 ~5Gb, metadata.csv ~2.6Mb
2025-05-26 01:12:41,325 | seisbench | WARNING | Output component order not specified, defaulting to 'ZNE'.
2025-05-26 01:12:41,325 - WARNING - Output component order not specified, defaulting to 'ZNE'.
2025-05-26 01:12:41,344 - INFO - Test set size (using default split): 4020
2025-05-26 01:12:41,345 - INFO - Running evaluation on the test set...
Evaluating Test Set:   0%|          | 0/16 [00:00<?, ?it/s]2025-05-26 01:12:42,952 - INFO - First evaluation batch X shape: torch.Size([256, 3, 3001]) (dtype: torch.float32), y shape: torch.Size([256, 3, 3001]) (dtype: torch.float32)
Evaluating Test Set:   6%|▋         | 1/16 [00:01<00:28,  1.93s/it]Evaluating Test Set:  12%|█▎        | 2/16 [00:02<00:12,  1.08it/s]Evaluating Test Set:  19%|█▉        | 3/16 [00:02<00:08,  1.59it/s]Evaluating Test Set:  25%|██▌       | 4/16 [00:02<00:06,  1.99it/s]Evaluating Test Set:  31%|███▏      | 5/16 [00:03<00:08,  1.33it/s]Evaluating Test Set:  38%|███▊      | 6/16 [00:04<00:05,  1.77it/s]Evaluating Test Set:  44%|████▍     | 7/16 [00:04<00:04,  2.13it/s]Evaluating Test Set:  50%|█████     | 8/16 [00:04<00:03,  2.49it/s]Evaluating Test Set:  56%|█████▋    | 9/16 [00:06<00:05,  1.31it/s]Evaluating Test Set:  62%|██████▎   | 10/16 [00:06<00:03,  1.60it/s]Evaluating Test Set:  69%|██████▉   | 11/16 [00:06<00:02,  2.00it/s]Evaluating Test Set:  75%|███████▌  | 12/16 [00:07<00:01,  2.31it/s]Evaluating Test Set:  81%|████████▏ | 13/16 [00:08<00:02,  1.49it/s]Evaluating Test Set:  88%|████████▊ | 14/16 [00:08<00:01,  1.94it/s]Evaluating Test Set:  94%|█████████▍| 15/16 [00:08<00:00,  2.51it/s]Evaluating Test Set: 100%|██████████| 16/16 [00:08<00:00,  1.85it/s]
2025-05-26 01:12:50,106 - INFO - 
--- Evaluation Metrics --- 
  Phase  Precision    Recall  F1-Score    PR_AUC  Threshold_for_PRF1
0     P   0.953088  0.990547  0.971456  0.998118                 0.3
1     S   0.949738  0.991791  0.970309  0.998246                 0.3
2     N   0.949988  0.992289  0.970678  0.998281                 0.3
2025-05-26 01:12:50,108 - INFO - Saved metrics to tuning_runs/phasenet_Iquique/lr1e-2_s30_e40/evaluation/phasenet_best_lr1e-2_s30_e40_Iquique_metrics_thresh0.3.csv
2025-05-26 01:12:50,506 - INFO - Saved PR curves to tuning_runs/phasenet_Iquique/lr1e-2_s30_e40/evaluation/phasenet_best_lr1e-2_s30_e40_Iquique_PR_curves.png
Traceback (most recent call last):
  File "/home/skataoka26/ann_final/evaluate.py", line 302, in <module>
    main(args)
  File "/home/skataoka26/ann_final/evaluate.py", line 238, in main
    pick_errors[phase].append(err)
KeyError: 'N'
