2025-05-26 01:18:54,910 - INFO - Running evaluation with arguments: Namespace(model_path='tuning_runs/phasenet_Iquique/lr1e-2_s30_e40/phasenet_best_lr1e-2_s30_e40.pth', dataset_name='Iquique', force_download_data=False, context_window_samples_before=3000, context_window_length=6000, model_input_samples=3001, sigma=30.0, batch_size=256, detection_threshold=0.3, skip_noise_metrics=False, num_workers=4, output_dir='tuning_runs/phasenet_Iquique/lr1e-2_s30_e40/evaluation', num_plot_examples=3)
2025-05-26 01:18:55,453 - INFO - Successfully loaded model from: tuning_runs/phasenet_Iquique/lr1e-2_s30_e40/phasenet_best_lr1e-2_s30_e40.pth
2025-05-26 01:18:55,453 - INFO - Loading TEST set for dataset: Iquique
2025-05-26 01:18:55,453 | seisbench | WARNING | Check available storage and memory before downloading and general use of Iquique dataset. Dataset size: waveforms.hdf5 ~5Gb, metadata.csv ~2.6Mb
2025-05-26 01:18:55,453 - WARNING - Check available storage and memory before downloading and general use of Iquique dataset. Dataset size: waveforms.hdf5 ~5Gb, metadata.csv ~2.6Mb
2025-05-26 01:18:55,510 | seisbench | WARNING | Output component order not specified, defaulting to 'ZNE'.
2025-05-26 01:18:55,510 - WARNING - Output component order not specified, defaulting to 'ZNE'.
2025-05-26 01:18:55,529 - INFO - Test set size (using default split): 4020
2025-05-26 01:18:55,529 - INFO - Running evaluation on the test set...
Evaluating Test Set:   0%|          | 0/16 [00:00<?, ?it/s]2025-05-26 01:18:58,001 - INFO - First evaluation batch X shape: torch.Size([256, 3, 3001]) (dtype: torch.float32), y shape: torch.Size([256, 3, 3001]) (dtype: torch.float32)
Evaluating Test Set:   6%|▋         | 1/16 [00:02<00:42,  2.81s/it]Evaluating Test Set:  12%|█▎        | 2/16 [00:03<00:17,  1.28s/it]Evaluating Test Set:  19%|█▉        | 3/16 [00:03<00:10,  1.22it/s]Evaluating Test Set:  25%|██▌       | 4/16 [00:03<00:07,  1.70it/s]Evaluating Test Set:  31%|███▏      | 5/16 [00:03<00:05,  2.07it/s]Evaluating Test Set:  38%|███▊      | 6/16 [00:04<00:04,  2.40it/s]Evaluating Test Set:  44%|████▍     | 7/16 [00:04<00:03,  2.76it/s]Evaluating Test Set:  50%|█████     | 8/16 [00:04<00:02,  2.83it/s]Evaluating Test Set:  56%|█████▋    | 9/16 [00:05<00:03,  1.89it/s]Evaluating Test Set:  62%|██████▎   | 10/16 [00:05<00:02,  2.12it/s]Evaluating Test Set:  69%|██████▉   | 11/16 [00:06<00:02,  2.36it/s]Evaluating Test Set:  75%|███████▌  | 12/16 [00:06<00:01,  2.62it/s]Evaluating Test Set:  81%|████████▏ | 13/16 [00:08<00:02,  1.10it/s]Evaluating Test Set:  88%|████████▊ | 14/16 [00:08<00:01,  1.38it/s]Evaluating Test Set:  94%|█████████▍| 15/16 [00:09<00:00,  1.77it/s]Evaluating Test Set: 100%|██████████| 16/16 [00:09<00:00,  2.29it/s]Evaluating Test Set: 100%|██████████| 16/16 [00:09<00:00,  1.72it/s]
2025-05-26 01:19:04,958 - INFO - 
--- Evaluation Metrics --- 
  Phase  Precision    Recall  F1-Score    PR_AUC  Threshold_for_PRF1
0     P   0.958223  0.992786  0.975199  0.998633                 0.3
1     S   0.955784  0.994776  0.974890  0.998788                 0.3
2     N   0.955566  0.995025  0.974896  0.998912                 0.3
2025-05-26 01:19:04,960 - INFO - Saved metrics to tuning_runs/phasenet_Iquique/lr1e-2_s30_e40/evaluation/phasenet_best_lr1e-2_s30_e40_Iquique_metrics_thresh0.3.csv
2025-05-26 01:19:05,374 - INFO - Saved PR curves to tuning_runs/phasenet_Iquique/lr1e-2_s30_e40/evaluation/phasenet_best_lr1e-2_s30_e40_Iquique_PR_curves.png
2025-05-26 01:19:05,383 - INFO - P PhaseNet errors (samples): N=4020, median=0.0, mean=0.0, std=0.3
2025-05-26 01:19:05,390 - INFO - P STA/LTA errors (samples): N=3149, median=2403.0, mean=2526.0, std=504.4
2025-05-26 01:19:08,339 - INFO - S PhaseNet errors (samples): N=4020, median=0.0, mean=0.0, std=0.2
2025-05-26 01:19:08,346 - INFO - S STA/LTA errors (samples): N=3149, median=2403.0, mean=2526.0, std=504.4
