2025-05-26 01:02:11,964 - INFO - Running evaluation with arguments: Namespace(model_path='tuning_runs/phasenet_Iquique/lr1e-4_s30_e40/phasenet_best_lr1e-4_s30_e40.pth', dataset_name='Iquique', force_download_data=False, context_window_samples_before=3000, context_window_length=6000, model_input_samples=3001, sigma=30.0, batch_size=256, detection_threshold=0.3, skip_noise_metrics=False, num_workers=4, output_dir='tuning_runs/phasenet_Iquique/lr1e-4_s30_e40/evaluation', num_plot_examples=3)
2025-05-26 01:02:12,525 - INFO - Successfully loaded model from: tuning_runs/phasenet_Iquique/lr1e-4_s30_e40/phasenet_best_lr1e-4_s30_e40.pth
2025-05-26 01:02:12,525 - INFO - Loading TEST set for dataset: Iquique
2025-05-26 01:02:12,525 | seisbench | WARNING | Check available storage and memory before downloading and general use of Iquique dataset. Dataset size: waveforms.hdf5 ~5Gb, metadata.csv ~2.6Mb
2025-05-26 01:02:12,525 - WARNING - Check available storage and memory before downloading and general use of Iquique dataset. Dataset size: waveforms.hdf5 ~5Gb, metadata.csv ~2.6Mb
2025-05-26 01:02:12,578 | seisbench | WARNING | Output component order not specified, defaulting to 'ZNE'.
2025-05-26 01:02:12,578 - WARNING - Output component order not specified, defaulting to 'ZNE'.
2025-05-26 01:02:12,597 - INFO - Test set size (using default split): 4020
2025-05-26 01:02:12,597 - INFO - Running evaluation on the test set...
Evaluating Test Set:   0%|          | 0/16 [00:00<?, ?it/s]2025-05-26 01:02:14,752 - INFO - First evaluation batch X shape: torch.Size([256, 3, 3001]) (dtype: torch.float32), y shape: torch.Size([256, 3, 3001]) (dtype: torch.float32)
Evaluating Test Set:   6%|▋         | 1/16 [00:02<00:37,  2.52s/it]Evaluating Test Set:  12%|█▎        | 2/16 [00:02<00:16,  1.20s/it]Evaluating Test Set:  19%|█▉        | 3/16 [00:03<00:09,  1.31it/s]Evaluating Test Set:  25%|██▌       | 4/16 [00:03<00:06,  1.89it/s]Evaluating Test Set:  31%|███▏      | 5/16 [00:04<00:09,  1.18it/s]Evaluating Test Set:  38%|███▊      | 6/16 [00:04<00:06,  1.48it/s]Evaluating Test Set:  44%|████▍     | 7/16 [00:05<00:04,  1.92it/s]Evaluating Test Set:  50%|█████     | 8/16 [00:05<00:03,  2.33it/s]Evaluating Test Set:  56%|█████▋    | 9/16 [00:06<00:05,  1.30it/s]Evaluating Test Set:  62%|██████▎   | 10/16 [00:07<00:03,  1.64it/s]Evaluating Test Set:  69%|██████▉   | 11/16 [00:07<00:02,  2.00it/s]Evaluating Test Set:  75%|███████▌  | 12/16 [00:07<00:01,  2.42it/s]Evaluating Test Set:  81%|████████▏ | 13/16 [00:08<00:01,  1.56it/s]Evaluating Test Set:  88%|████████▊ | 14/16 [00:08<00:00,  2.02it/s]Evaluating Test Set:  94%|█████████▍| 15/16 [00:09<00:00,  2.60it/s]Evaluating Test Set: 100%|██████████| 16/16 [00:09<00:00,  1.74it/s]
2025-05-26 01:02:21,883 - INFO - 
--- Evaluation Metrics --- 
  Phase  Precision    Recall  F1-Score    PR_AUC  Threshold_for_PRF1
0     P   0.884116  0.983085  0.930978  0.990931                 0.3
1     S   0.973247  0.977363  0.975301  0.990412                 0.3
2     N   0.970153  0.978358  0.974238  0.990253                 0.3
2025-05-26 01:02:21,885 - INFO - Saved metrics to tuning_runs/phasenet_Iquique/lr1e-4_s30_e40/evaluation/phasenet_best_lr1e-4_s30_e40_Iquique_metrics_thresh0.3.csv
2025-05-26 01:02:22,276 - INFO - Saved PR curves to tuning_runs/phasenet_Iquique/lr1e-4_s30_e40/evaluation/phasenet_best_lr1e-4_s30_e40_Iquique_PR_curves.png
Traceback (most recent call last):
  File "/home/skataoka26/ann_final/evaluate.py", line 297, in <module>
    main(args)
  File "/home/skataoka26/ann_final/evaluate.py", line 239, in main
    med = statistics.median(errs)
NameError: name 'statistics' is not defined
