2025-05-26 01:03:37,682 - INFO - Running evaluation with arguments: Namespace(model_path='tuning_runs/phasenet_Iquique/lr1e-2_s30_e40/phasenet_best_lr1e-2_s30_e40.pth', dataset_name='Iquique', force_download_data=False, context_window_samples_before=3000, context_window_length=6000, model_input_samples=3001, sigma=30.0, batch_size=256, detection_threshold=0.3, skip_noise_metrics=False, num_workers=4, output_dir='tuning_runs/phasenet_Iquique/lr1e-2_s30_e40/evaluation', num_plot_examples=3)
2025-05-26 01:03:38,825 - INFO - Successfully loaded model from: tuning_runs/phasenet_Iquique/lr1e-2_s30_e40/phasenet_best_lr1e-2_s30_e40.pth
2025-05-26 01:03:38,826 - INFO - Loading TEST set for dataset: Iquique
2025-05-26 01:03:38,826 | seisbench | WARNING | Check available storage and memory before downloading and general use of Iquique dataset. Dataset size: waveforms.hdf5 ~5Gb, metadata.csv ~2.6Mb
2025-05-26 01:03:38,826 - WARNING - Check available storage and memory before downloading and general use of Iquique dataset. Dataset size: waveforms.hdf5 ~5Gb, metadata.csv ~2.6Mb
2025-05-26 01:03:38,879 | seisbench | WARNING | Output component order not specified, defaulting to 'ZNE'.
2025-05-26 01:03:38,879 - WARNING - Output component order not specified, defaulting to 'ZNE'.
2025-05-26 01:03:38,898 - INFO - Test set size (using default split): 4020
2025-05-26 01:03:38,899 - INFO - Running evaluation on the test set...
Evaluating Test Set:   0%|          | 0/16 [00:00<?, ?it/s]2025-05-26 01:03:40,876 - INFO - First evaluation batch X shape: torch.Size([256, 3, 3001]) (dtype: torch.float32), y shape: torch.Size([256, 3, 3001]) (dtype: torch.float32)
Evaluating Test Set:   6%|▋         | 1/16 [00:02<00:36,  2.44s/it]Evaluating Test Set:  12%|█▎        | 2/16 [00:02<00:16,  1.21s/it]Evaluating Test Set:  19%|█▉        | 3/16 [00:02<00:09,  1.33it/s]Evaluating Test Set:  25%|██▌       | 4/16 [00:03<00:06,  1.81it/s]Evaluating Test Set:  31%|███▏      | 5/16 [00:04<00:08,  1.28it/s]Evaluating Test Set:  38%|███▊      | 6/16 [00:04<00:06,  1.62it/s]Evaluating Test Set:  44%|████▍     | 7/16 [00:05<00:04,  1.97it/s]Evaluating Test Set:  50%|█████     | 8/16 [00:05<00:03,  2.31it/s]Evaluating Test Set:  56%|█████▋    | 9/16 [00:06<00:05,  1.28it/s]Evaluating Test Set:  62%|██████▎   | 10/16 [00:07<00:03,  1.55it/s]Evaluating Test Set:  69%|██████▉   | 11/16 [00:07<00:02,  1.90it/s]Evaluating Test Set:  75%|███████▌  | 12/16 [00:08<00:02,  1.81it/s]Evaluating Test Set:  81%|████████▏ | 13/16 [00:08<00:01,  1.82it/s]Evaluating Test Set:  88%|████████▊ | 14/16 [00:08<00:00,  2.38it/s]Evaluating Test Set:  94%|█████████▍| 15/16 [00:08<00:00,  3.01it/s]Evaluating Test Set: 100%|██████████| 16/16 [00:08<00:00,  1.79it/s]
2025-05-26 01:03:47,940 - INFO - 
--- Evaluation Metrics --- 
  Phase  Precision    Recall  F1-Score    PR_AUC  Threshold_for_PRF1
0     P   0.953099  0.990796  0.971582  0.997955                 0.3
1     S   0.950417  0.991791  0.970663  0.998145                 0.3
2     N   0.955678  0.992289  0.973639  0.998371                 0.3
2025-05-26 01:03:47,942 - INFO - Saved metrics to tuning_runs/phasenet_Iquique/lr1e-2_s30_e40/evaluation/phasenet_best_lr1e-2_s30_e40_Iquique_metrics_thresh0.3.csv
2025-05-26 01:03:48,293 - INFO - Saved PR curves to tuning_runs/phasenet_Iquique/lr1e-2_s30_e40/evaluation/phasenet_best_lr1e-2_s30_e40_Iquique_PR_curves.png
2025-05-26 01:03:49,032 - INFO - Pick-time errors for S: N=4, median=0.0 samples, mean=0.0, std=0.0
2025-05-26 01:03:49,271 - INFO - Pick-time errors for N: N=13, median=0.0 samples, mean=0.0, std=0.0
