2025-05-26 01:06:32,183 - INFO - Running evaluation with arguments: Namespace(model_path='tuning_runs/phasenet_Iquique/lr1e-4_s30_e40/phasenet_best_lr1e-4_s30_e40.pth', dataset_name='Iquique', force_download_data=False, context_window_samples_before=3000, context_window_length=6000, model_input_samples=3001, sigma=30.0, batch_size=256, detection_threshold=0.3, skip_noise_metrics=False, num_workers=4, output_dir='tuning_runs/phasenet_Iquique/lr1e-4_s30_e40/evaluation', num_plot_examples=3)
2025-05-26 01:06:32,474 - INFO - Successfully loaded model from: tuning_runs/phasenet_Iquique/lr1e-4_s30_e40/phasenet_best_lr1e-4_s30_e40.pth
2025-05-26 01:06:32,474 - INFO - Loading TEST set for dataset: Iquique
2025-05-26 01:06:32,474 | seisbench | WARNING | Check available storage and memory before downloading and general use of Iquique dataset. Dataset size: waveforms.hdf5 ~5Gb, metadata.csv ~2.6Mb
2025-05-26 01:06:32,474 - WARNING - Check available storage and memory before downloading and general use of Iquique dataset. Dataset size: waveforms.hdf5 ~5Gb, metadata.csv ~2.6Mb
2025-05-26 01:06:32,524 | seisbench | WARNING | Output component order not specified, defaulting to 'ZNE'.
2025-05-26 01:06:32,524 - WARNING - Output component order not specified, defaulting to 'ZNE'.
2025-05-26 01:06:32,543 - INFO - Test set size (using default split): 4020
2025-05-26 01:06:32,543 - INFO - Running evaluation on the test set...
Evaluating Test Set:   0%|          | 0/16 [00:00<?, ?it/s]2025-05-26 01:06:34,048 - INFO - First evaluation batch X shape: torch.Size([256, 3, 3001]) (dtype: torch.float32), y shape: torch.Size([256, 3, 3001]) (dtype: torch.float32)
Evaluating Test Set:   6%|▋         | 1/16 [00:01<00:27,  1.85s/it]Evaluating Test Set:  12%|█▎        | 2/16 [00:02<00:12,  1.11it/s]Evaluating Test Set:  19%|█▉        | 3/16 [00:02<00:07,  1.69it/s]Evaluating Test Set:  25%|██▌       | 4/16 [00:02<00:05,  2.13it/s]Evaluating Test Set:  31%|███▏      | 5/16 [00:03<00:06,  1.61it/s]Evaluating Test Set:  38%|███▊      | 6/16 [00:03<00:04,  2.16it/s]Evaluating Test Set:  44%|████▍     | 7/16 [00:03<00:03,  2.84it/s]Evaluating Test Set:  50%|█████     | 8/16 [00:03<00:02,  3.61it/s]Evaluating Test Set:  56%|█████▋    | 9/16 [00:17<00:31,  4.44s/it]Evaluating Test Set:  62%|██████▎   | 10/16 [00:17<00:18,  3.15s/it]Evaluating Test Set:  69%|██████▉   | 11/16 [00:18<00:11,  2.32s/it]Evaluating Test Set:  75%|███████▌  | 12/16 [00:18<00:06,  1.66s/it]Evaluating Test Set:  81%|████████▏ | 13/16 [00:30<00:14,  4.78s/it]Evaluating Test Set:  88%|████████▊ | 14/16 [00:30<00:06,  3.37s/it]Evaluating Test Set:  94%|█████████▍| 15/16 [00:30<00:02,  2.50s/it]Evaluating Test Set: 100%|██████████| 16/16 [00:31<00:00,  1.94s/it]
2025-05-26 01:07:03,714 - INFO - 
--- Evaluation Metrics --- 
  Phase  Precision    Recall  F1-Score    PR_AUC  Threshold_for_PRF1
0     P   0.882933  0.979353  0.928647  0.989892                 0.3
1     S   0.971726  0.974627  0.973174  0.989996                 0.3
2     N   0.968434  0.976866  0.972632  0.990047                 0.3
2025-05-26 01:07:03,797 - INFO - Saved metrics to tuning_runs/phasenet_Iquique/lr1e-4_s30_e40/evaluation/phasenet_best_lr1e-4_s30_e40_Iquique_metrics_thresh0.3.csv
2025-05-26 01:07:04,358 - INFO - Saved PR curves to tuning_runs/phasenet_Iquique/lr1e-4_s30_e40/evaluation/phasenet_best_lr1e-4_s30_e40_Iquique_PR_curves.png
Traceback (most recent call last):
  File "/home/skataoka26/ann_final/evaluate.py", line 299, in <module>
    main(args)
  File "/home/skataoka26/ann_final/evaluate.py", line 236, in main
    pick_errors[phase].append(err)
KeyError: 'N'
