SLURM_JOB_ID: 1900092
SLURM_ARRAY_JOB_ID: 1900090
SLURM_ARRAY_TASK_ID: 1
Running on host: dgx001
CUDA_VISIBLE_DEVICES: 0
Sun May 25 22:24:48 2025       
+-----------------------------------------------------------------------------------------+
| NVIDIA-SMI 565.57.01              Driver Version: 565.57.01      CUDA Version: 12.7     |
|-----------------------------------------+------------------------+----------------------+
| GPU  Name                 Persistence-M | Bus-Id          Disp.A | Volatile Uncorr. ECC |
| Fan  Temp   Perf          Pwr:Usage/Cap |           Memory-Usage | GPU-Util  Compute M. |
|                                         |                        |               MIG M. |
|=========================================+========================+======================|
|   0  NVIDIA A100-SXM4-80GB          On  |   00000000:0F:00.0 Off |                    0 |
| N/A   33C    P0             63W /  400W |       1MiB /  81920MiB |      0%      Default |
|                                         |                        |             Disabled |
+-----------------------------------------+------------------------+----------------------+
                                                                                         
+-----------------------------------------------------------------------------------------+
| Processes:                                                                              |
|  GPU   GI   CI        PID   Type   Process name                              GPU Memory |
|        ID   ID                                                               Usage      |
|=========================================================================================|
|  No running processes found                                                             |
+-----------------------------------------------------------------------------------------+
Virtual environment activated.
Current directory: /home/skataoka26/ann_final
--- Starting Training Run ---
Task ID: 1, Dataset: Iquique, LR: 1e-3, Sigma: 20, Epochs: 40
Output Dir: tuning_runs/phasenet_Iquique/lr1e-3_s20_e40, Model File: phasenet_best_lr1e-3_s20_e40.pth, Pretrained: false
Executing Training: python gpt_cnn.py     --dataset_name Iquique     --learning_rate 1e-3     --epochs 40     --batch_size 128     --sigma 20     --num_workers 4     --output_dir tuning_runs/phasenet_Iquique/lr1e-3_s20_e40     --model_filename phasenet_best_lr1e-3_s20_e40.pth     --log_interval 20
--- TRAINING LOOP DEBUG ---
Shape of pred (model output): torch.Size([128, 3, 3001])
Shape of y_batch (target labels): torch.Size([128, 3, 3001])
Shape of pred_for_loss (permuted input to loss): torch.Size([128, 3001, 3])
Device of pred_for_loss: cuda:0, Device of y_batch: cuda:0
Training FAILED for lr1e-3_s20_e40. Exit code: 1.
--- Slurm Job Task 1 Finished ---
