2025-05-26 01:18:54,910 - INFO - Running evaluation with arguments: Namespace(model_path='tuning_runs/phasenet_Iquique/lr1e-4_s30_e40/phasenet_best_lr1e-4_s30_e40.pth', dataset_name='Iquique', force_download_data=False, context_window_samples_before=3000, context_window_length=6000, model_input_samples=3001, sigma=30.0, batch_size=256, detection_threshold=0.3, skip_noise_metrics=False, num_workers=4, output_dir='tuning_runs/phasenet_Iquique/lr1e-4_s30_e40/evaluation', num_plot_examples=3)
2025-05-26 01:18:55,648 - INFO - Successfully loaded model from: tuning_runs/phasenet_Iquique/lr1e-4_s30_e40/phasenet_best_lr1e-4_s30_e40.pth
2025-05-26 01:18:55,648 - INFO - Loading TEST set for dataset: Iquique
2025-05-26 01:18:55,649 | seisbench | WARNING | Check available storage and memory before downloading and general use of Iquique dataset. Dataset size: waveforms.hdf5 ~5Gb, metadata.csv ~2.6Mb
2025-05-26 01:18:55,649 - WARNING - Check available storage and memory before downloading and general use of Iquique dataset. Dataset size: waveforms.hdf5 ~5Gb, metadata.csv ~2.6Mb
2025-05-26 01:18:55,698 | seisbench | WARNING | Output component order not specified, defaulting to 'ZNE'.
2025-05-26 01:18:55,698 - WARNING - Output component order not specified, defaulting to 'ZNE'.
2025-05-26 01:18:55,717 - INFO - Test set size (using default split): 4020
2025-05-26 01:18:55,717 - INFO - Running evaluation on the test set...
Evaluating Test Set:   0%|          | 0/16 [00:00<?, ?it/s]2025-05-26 01:18:57,982 - INFO - First evaluation batch X shape: torch.Size([256, 3, 3001]) (dtype: torch.float32), y shape: torch.Size([256, 3, 3001]) (dtype: torch.float32)
Evaluating Test Set:   6%|▋         | 1/16 [00:02<00:39,  2.64s/it]Evaluating Test Set:  12%|█▎        | 2/16 [00:02<00:17,  1.27s/it]Evaluating Test Set:  19%|█▉        | 3/16 [00:03<00:10,  1.24it/s]Evaluating Test Set:  25%|██▌       | 4/16 [00:03<00:07,  1.65it/s]Evaluating Test Set:  31%|███▏      | 5/16 [00:03<00:05,  2.05it/s]Evaluating Test Set:  38%|███▊      | 6/16 [00:04<00:04,  2.36it/s]Evaluating Test Set:  44%|████▍     | 7/16 [00:04<00:03,  2.64it/s]Evaluating Test Set:  50%|█████     | 8/16 [00:04<00:02,  2.85it/s]Evaluating Test Set:  56%|█████▋    | 9/16 [00:05<00:03,  1.80it/s]Evaluating Test Set:  62%|██████▎   | 10/16 [00:06<00:02,  2.03it/s]Evaluating Test Set:  69%|██████▉   | 11/16 [00:06<00:02,  2.32it/s]Evaluating Test Set:  75%|███████▌  | 12/16 [00:06<00:01,  2.72it/s]Evaluating Test Set:  81%|████████▏ | 13/16 [00:08<00:02,  1.14it/s]Evaluating Test Set:  88%|████████▊ | 14/16 [00:08<00:01,  1.45it/s]Evaluating Test Set:  94%|█████████▍| 15/16 [00:09<00:00,  1.85it/s]Evaluating Test Set: 100%|██████████| 16/16 [00:09<00:00,  2.40it/s]Evaluating Test Set: 100%|██████████| 16/16 [00:09<00:00,  1.74it/s]
2025-05-26 01:19:05,017 - INFO - 
--- Evaluation Metrics --- 
  Phase  Precision    Recall  F1-Score    PR_AUC  Threshold_for_PRF1
0     P   0.888914  0.985323  0.934639  0.992965                 0.3
1     S   0.974759  0.979851  0.977298  0.992971                 0.3
2     N   0.969988  0.980846  0.975387  0.992541                 0.3
2025-05-26 01:19:05,019 - INFO - Saved metrics to tuning_runs/phasenet_Iquique/lr1e-4_s30_e40/evaluation/phasenet_best_lr1e-4_s30_e40_Iquique_metrics_thresh0.3.csv
2025-05-26 01:19:05,430 - INFO - Saved PR curves to tuning_runs/phasenet_Iquique/lr1e-4_s30_e40/evaluation/phasenet_best_lr1e-4_s30_e40_Iquique_PR_curves.png
2025-05-26 01:19:05,438 - INFO - P PhaseNet errors (samples): N=4020, median=0.0, mean=0.0, std=0.3
2025-05-26 01:19:05,445 - INFO - P STA/LTA errors (samples): N=3145, median=2367.0, mean=2493.0, std=485.1
2025-05-26 01:19:08,338 - INFO - S PhaseNet errors (samples): N=4020, median=0.0, mean=0.0, std=0.3
2025-05-26 01:19:08,345 - INFO - S STA/LTA errors (samples): N=3145, median=2367.0, mean=2493.0, std=485.1
