2025-05-26 01:10:34,402 - INFO - Running evaluation with arguments: Namespace(model_path='tuning_runs/phasenet_Iquique/lr1e-2_s20_e40/phasenet_best_lr1e-2_s20_e40.pth', dataset_name='Iquique', force_download_data=False, context_window_samples_before=3000, context_window_length=6000, model_input_samples=3001, sigma=20.0, batch_size=256, detection_threshold=0.3, skip_noise_metrics=False, num_workers=4, output_dir='tuning_runs/phasenet_Iquique/lr1e-2_s20_e40/evaluation', num_plot_examples=3)
2025-05-26 01:10:34,774 - INFO - Successfully loaded model from: tuning_runs/phasenet_Iquique/lr1e-2_s20_e40/phasenet_best_lr1e-2_s20_e40.pth
2025-05-26 01:10:34,774 - INFO - Loading TEST set for dataset: Iquique
2025-05-26 01:10:34,774 | seisbench | WARNING | Check available storage and memory before downloading and general use of Iquique dataset. Dataset size: waveforms.hdf5 ~5Gb, metadata.csv ~2.6Mb
2025-05-26 01:10:34,774 - WARNING - Check available storage and memory before downloading and general use of Iquique dataset. Dataset size: waveforms.hdf5 ~5Gb, metadata.csv ~2.6Mb
2025-05-26 01:10:34,825 | seisbench | WARNING | Output component order not specified, defaulting to 'ZNE'.
2025-05-26 01:10:34,825 - WARNING - Output component order not specified, defaulting to 'ZNE'.
2025-05-26 01:10:34,844 - INFO - Test set size (using default split): 4020
2025-05-26 01:10:34,844 - INFO - Running evaluation on the test set...
Evaluating Test Set:   0%|          | 0/16 [00:00<?, ?it/s]2025-05-26 01:10:36,732 - INFO - First evaluation batch X shape: torch.Size([256, 3, 3001]) (dtype: torch.float32), y shape: torch.Size([256, 3, 3001]) (dtype: torch.float32)
Evaluating Test Set:   6%|▋         | 1/16 [00:02<00:30,  2.06s/it]Evaluating Test Set:  12%|█▎        | 2/16 [00:02<00:13,  1.02it/s]Evaluating Test Set:  19%|█▉        | 3/16 [00:02<00:07,  1.64it/s]Evaluating Test Set:  25%|██▌       | 4/16 [00:02<00:05,  2.28it/s]Evaluating Test Set:  31%|███▏      | 5/16 [00:04<00:09,  1.16it/s]Evaluating Test Set:  38%|███▊      | 6/16 [00:04<00:06,  1.52it/s]Evaluating Test Set:  44%|████▍     | 7/16 [00:04<00:04,  1.90it/s]Evaluating Test Set:  50%|█████     | 8/16 [00:05<00:03,  2.21it/s]Evaluating Test Set:  56%|█████▋    | 9/16 [00:06<00:05,  1.24it/s]Evaluating Test Set:  62%|██████▎   | 10/16 [00:06<00:03,  1.54it/s]Evaluating Test Set:  69%|██████▉   | 11/16 [00:07<00:02,  1.84it/s]Evaluating Test Set:  75%|███████▌  | 12/16 [00:07<00:01,  2.17it/s]Evaluating Test Set:  81%|████████▏ | 13/16 [00:08<00:01,  1.75it/s]Evaluating Test Set:  88%|████████▊ | 14/16 [00:08<00:00,  2.28it/s]Evaluating Test Set:  94%|█████████▍| 15/16 [00:08<00:00,  2.86it/s]Evaluating Test Set: 100%|██████████| 16/16 [00:08<00:00,  1.83it/s]
2025-05-26 01:10:43,671 - INFO - 
--- Evaluation Metrics --- 
  Phase  Precision    Recall  F1-Score    PR_AUC  Threshold_for_PRF1
0     P   0.980035  0.989055  0.984524  0.999095                 0.3
1     S   0.978133  0.990299  0.984178  0.999086                 0.3
2     N   0.974359  0.992537  0.983364  0.999093                 0.3
2025-05-26 01:10:43,673 - INFO - Saved metrics to tuning_runs/phasenet_Iquique/lr1e-2_s20_e40/evaluation/phasenet_best_lr1e-2_s20_e40_Iquique_metrics_thresh0.3.csv
2025-05-26 01:10:44,091 - INFO - Saved PR curves to tuning_runs/phasenet_Iquique/lr1e-2_s20_e40/evaluation/phasenet_best_lr1e-2_s20_e40_Iquique_PR_curves.png
Traceback (most recent call last):
  File "/home/skataoka26/ann_final/evaluate.py", line 301, in <module>
    main(args)
  File "/home/skataoka26/ann_final/evaluate.py", line 238, in main
    pick_errors[phase].append(err)
KeyError: 'N'
