2025-05-26 01:02:11,647 - INFO - Running evaluation with arguments: Namespace(model_path='tuning_runs/phasenet_Iquique/lr1e-3_s20_e40/phasenet_best_lr1e-3_s20_e40.pth', dataset_name='Iquique', force_download_data=False, context_window_samples_before=3000, context_window_length=6000, model_input_samples=3001, sigma=20.0, batch_size=256, detection_threshold=0.3, skip_noise_metrics=False, num_workers=4, output_dir='tuning_runs/phasenet_Iquique/lr1e-3_s20_e40/evaluation', num_plot_examples=3)
2025-05-26 01:02:12,121 - INFO - Successfully loaded model from: tuning_runs/phasenet_Iquique/lr1e-3_s20_e40/phasenet_best_lr1e-3_s20_e40.pth
2025-05-26 01:02:12,121 - INFO - Loading TEST set for dataset: Iquique
2025-05-26 01:02:12,121 | seisbench | WARNING | Check available storage and memory before downloading and general use of Iquique dataset. Dataset size: waveforms.hdf5 ~5Gb, metadata.csv ~2.6Mb
2025-05-26 01:02:12,121 - WARNING - Check available storage and memory before downloading and general use of Iquique dataset. Dataset size: waveforms.hdf5 ~5Gb, metadata.csv ~2.6Mb
2025-05-26 01:02:12,171 | seisbench | WARNING | Output component order not specified, defaulting to 'ZNE'.
2025-05-26 01:02:12,171 - WARNING - Output component order not specified, defaulting to 'ZNE'.
2025-05-26 01:02:12,190 - INFO - Test set size (using default split): 4020
2025-05-26 01:02:12,190 - INFO - Running evaluation on the test set...
Evaluating Test Set:   0%|          | 0/16 [00:00<?, ?it/s]2025-05-26 01:02:14,220 - INFO - First evaluation batch X shape: torch.Size([256, 3, 3001]) (dtype: torch.float32), y shape: torch.Size([256, 3, 3001]) (dtype: torch.float32)
Evaluating Test Set:   6%|▋         | 1/16 [00:02<00:35,  2.35s/it]Evaluating Test Set:  12%|█▎        | 2/16 [00:02<00:15,  1.14s/it]Evaluating Test Set:  19%|█▉        | 3/16 [00:02<00:09,  1.35it/s]Evaluating Test Set:  25%|██▌       | 4/16 [00:03<00:06,  1.83it/s]Evaluating Test Set:  31%|███▏      | 5/16 [00:04<00:08,  1.29it/s]Evaluating Test Set:  38%|███▊      | 6/16 [00:04<00:05,  1.68it/s]Evaluating Test Set:  44%|████▍     | 7/16 [00:04<00:04,  2.04it/s]Evaluating Test Set:  50%|█████     | 8/16 [00:05<00:03,  2.43it/s]Evaluating Test Set:  56%|█████▋    | 9/16 [00:06<00:05,  1.39it/s]Evaluating Test Set:  62%|██████▎   | 10/16 [00:06<00:03,  1.72it/s]Evaluating Test Set:  69%|██████▉   | 11/16 [00:07<00:02,  2.03it/s]Evaluating Test Set:  75%|███████▌  | 12/16 [00:07<00:01,  2.32it/s]Evaluating Test Set:  81%|████████▏ | 13/16 [00:08<00:02,  1.33it/s]Evaluating Test Set:  88%|████████▊ | 14/16 [00:09<00:01,  1.75it/s]Evaluating Test Set:  94%|█████████▍| 15/16 [00:09<00:00,  2.23it/s]Evaluating Test Set: 100%|██████████| 16/16 [00:09<00:00,  2.88it/s]Evaluating Test Set: 100%|██████████| 16/16 [00:09<00:00,  1.72it/s]
2025-05-26 01:02:21,597 - INFO - 
--- Evaluation Metrics --- 
  Phase  Precision    Recall  F1-Score    PR_AUC  Threshold_for_PRF1
0     P   0.980626  0.982090  0.981357  0.997830                 0.3
1     S   0.976572  0.985075  0.980805  0.998015                 0.3
2     N   0.978057  0.986816  0.982417  0.998009                 0.3
2025-05-26 01:02:21,599 - INFO - Saved metrics to tuning_runs/phasenet_Iquique/lr1e-3_s20_e40/evaluation/phasenet_best_lr1e-3_s20_e40_Iquique_metrics_thresh0.3.csv
2025-05-26 01:02:22,035 - INFO - Saved PR curves to tuning_runs/phasenet_Iquique/lr1e-3_s20_e40/evaluation/phasenet_best_lr1e-3_s20_e40_Iquique_PR_curves.png
Traceback (most recent call last):
  File "/home/skataoka26/ann_final/evaluate.py", line 297, in <module>
    main(args)
  File "/home/skataoka26/ann_final/evaluate.py", line 266, in main
    csvs = glob.glob(os.path.join(os.path.dirname(args.output_dir), "*/evaluation", "*_metrics_*.csv"))
NameError: name 'glob' is not defined
