2025-05-26 01:03:37,682 - INFO - Running evaluation with arguments: Namespace(model_path='tuning_runs/phasenet_Iquique/lr1e-4_s30_e40/phasenet_best_lr1e-4_s30_e40.pth', dataset_name='Iquique', force_download_data=False, context_window_samples_before=3000, context_window_length=6000, model_input_samples=3001, sigma=30.0, batch_size=256, detection_threshold=0.3, skip_noise_metrics=False, num_workers=4, output_dir='tuning_runs/phasenet_Iquique/lr1e-4_s30_e40/evaluation', num_plot_examples=3)
2025-05-26 01:03:37,892 - INFO - Successfully loaded model from: tuning_runs/phasenet_Iquique/lr1e-4_s30_e40/phasenet_best_lr1e-4_s30_e40.pth
2025-05-26 01:03:37,893 - INFO - Loading TEST set for dataset: Iquique
2025-05-26 01:03:37,893 | seisbench | WARNING | Check available storage and memory before downloading and general use of Iquique dataset. Dataset size: waveforms.hdf5 ~5Gb, metadata.csv ~2.6Mb
2025-05-26 01:03:37,893 - WARNING - Check available storage and memory before downloading and general use of Iquique dataset. Dataset size: waveforms.hdf5 ~5Gb, metadata.csv ~2.6Mb
2025-05-26 01:03:37,943 | seisbench | WARNING | Output component order not specified, defaulting to 'ZNE'.
2025-05-26 01:03:37,943 - WARNING - Output component order not specified, defaulting to 'ZNE'.
2025-05-26 01:03:37,961 - INFO - Test set size (using default split): 4020
2025-05-26 01:03:37,962 - INFO - Running evaluation on the test set...
Evaluating Test Set:   0%|          | 0/16 [00:00<?, ?it/s]2025-05-26 01:03:39,333 - INFO - First evaluation batch X shape: torch.Size([256, 3, 3001]) (dtype: torch.float32), y shape: torch.Size([256, 3, 3001]) (dtype: torch.float32)
Evaluating Test Set:   6%|▋         | 1/16 [00:01<00:24,  1.64s/it]Evaluating Test Set:  12%|█▎        | 2/16 [00:01<00:10,  1.29it/s]Evaluating Test Set:  19%|█▉        | 3/16 [00:02<00:07,  1.85it/s]Evaluating Test Set:  25%|██▌       | 4/16 [00:02<00:04,  2.42it/s]Evaluating Test Set:  31%|███▏      | 5/16 [00:03<00:07,  1.51it/s]Evaluating Test Set:  38%|███▊      | 6/16 [00:03<00:05,  1.92it/s]Evaluating Test Set:  44%|████▍     | 7/16 [00:03<00:03,  2.39it/s]Evaluating Test Set:  50%|█████     | 8/16 [00:04<00:02,  2.95it/s]Evaluating Test Set:  56%|█████▋    | 9/16 [00:05<00:05,  1.36it/s]Evaluating Test Set:  62%|██████▎   | 10/16 [00:05<00:03,  1.75it/s]Evaluating Test Set:  69%|██████▉   | 11/16 [00:06<00:02,  2.08it/s]Evaluating Test Set:  75%|███████▌  | 12/16 [00:06<00:01,  2.49it/s]Evaluating Test Set:  81%|████████▏ | 13/16 [00:07<00:01,  1.53it/s]Evaluating Test Set:  88%|████████▊ | 14/16 [00:07<00:00,  2.04it/s]Evaluating Test Set:  94%|█████████▍| 15/16 [00:07<00:00,  2.65it/s]Evaluating Test Set: 100%|██████████| 16/16 [00:07<00:00,  2.03it/s]
2025-05-26 01:03:45,942 - INFO - 
--- Evaluation Metrics --- 
  Phase  Precision    Recall  F1-Score    PR_AUC  Threshold_for_PRF1
0     P   0.879099  0.980348  0.926967  0.989797                 0.3
1     S   0.971528  0.976119  0.973818  0.990068                 0.3
2     N   0.967742  0.977612  0.972652  0.990254                 0.3
2025-05-26 01:03:45,944 - INFO - Saved metrics to tuning_runs/phasenet_Iquique/lr1e-4_s30_e40/evaluation/phasenet_best_lr1e-4_s30_e40_Iquique_metrics_thresh0.3.csv
2025-05-26 01:03:46,364 - INFO - Saved PR curves to tuning_runs/phasenet_Iquique/lr1e-4_s30_e40/evaluation/phasenet_best_lr1e-4_s30_e40_Iquique_PR_curves.png
2025-05-26 01:03:47,199 - INFO - Pick-time errors for P: N=1, median=0.0 samples, mean=0.0, std=0.0
2025-05-26 01:03:47,444 - INFO - Pick-time errors for N: N=6, median=0.0 samples, mean=0.0, std=0.0
