2025-05-26 01:03:37,682 - INFO - Running evaluation with arguments: Namespace(model_path='tuning_runs/phasenet_Iquique/lr1e-2_s20_e40/phasenet_best_lr1e-2_s20_e40.pth', dataset_name='Iquique', force_download_data=False, context_window_samples_before=3000, context_window_length=6000, model_input_samples=3001, sigma=20.0, batch_size=256, detection_threshold=0.3, skip_noise_metrics=False, num_workers=4, output_dir='tuning_runs/phasenet_Iquique/lr1e-2_s20_e40/evaluation', num_plot_examples=3)
2025-05-26 01:03:38,495 - INFO - Successfully loaded model from: tuning_runs/phasenet_Iquique/lr1e-2_s20_e40/phasenet_best_lr1e-2_s20_e40.pth
2025-05-26 01:03:38,495 - INFO - Loading TEST set for dataset: Iquique
2025-05-26 01:03:38,495 | seisbench | WARNING | Check available storage and memory before downloading and general use of Iquique dataset. Dataset size: waveforms.hdf5 ~5Gb, metadata.csv ~2.6Mb
2025-05-26 01:03:38,495 - WARNING - Check available storage and memory before downloading and general use of Iquique dataset. Dataset size: waveforms.hdf5 ~5Gb, metadata.csv ~2.6Mb
2025-05-26 01:03:38,547 | seisbench | WARNING | Output component order not specified, defaulting to 'ZNE'.
2025-05-26 01:03:38,547 - WARNING - Output component order not specified, defaulting to 'ZNE'.
2025-05-26 01:03:38,567 - INFO - Test set size (using default split): 4020
2025-05-26 01:03:38,567 - INFO - Running evaluation on the test set...
Evaluating Test Set:   0%|          | 0/16 [00:00<?, ?it/s]2025-05-26 01:03:40,395 - INFO - First evaluation batch X shape: torch.Size([256, 3, 3001]) (dtype: torch.float32), y shape: torch.Size([256, 3, 3001]) (dtype: torch.float32)
Evaluating Test Set:   6%|▋         | 1/16 [00:02<00:33,  2.21s/it]Evaluating Test Set:  12%|█▎        | 2/16 [00:02<00:15,  1.14s/it]Evaluating Test Set:  19%|█▉        | 3/16 [00:02<00:10,  1.25it/s]Evaluating Test Set:  25%|██▌       | 4/16 [00:03<00:07,  1.69it/s]Evaluating Test Set:  31%|███▏      | 5/16 [00:04<00:08,  1.31it/s]Evaluating Test Set:  38%|███▊      | 6/16 [00:04<00:05,  1.69it/s]Evaluating Test Set:  44%|████▍     | 7/16 [00:04<00:04,  2.01it/s]Evaluating Test Set:  50%|█████     | 8/16 [00:05<00:03,  2.37it/s]Evaluating Test Set:  56%|█████▋    | 9/16 [00:06<00:04,  1.44it/s]Evaluating Test Set:  62%|██████▎   | 10/16 [00:06<00:03,  1.80it/s]Evaluating Test Set:  69%|██████▉   | 11/16 [00:07<00:02,  2.04it/s]Evaluating Test Set:  75%|███████▌  | 12/16 [00:07<00:01,  2.12it/s]Evaluating Test Set:  81%|████████▏ | 13/16 [00:08<00:01,  1.66it/s]Evaluating Test Set:  88%|████████▊ | 14/16 [00:08<00:00,  2.18it/s]Evaluating Test Set:  94%|█████████▍| 15/16 [00:08<00:00,  2.80it/s]Evaluating Test Set: 100%|██████████| 16/16 [00:08<00:00,  1.83it/s]
2025-05-26 01:03:47,405 - INFO - 
--- Evaluation Metrics --- 
  Phase  Precision    Recall  F1-Score    PR_AUC  Threshold_for_PRF1
0     P   0.982213  0.989055  0.985622  0.999217                 0.3
1     S   0.980296  0.990050  0.985149  0.999205                 0.3
2     N   0.978635  0.991294  0.984923  0.999174                 0.3
2025-05-26 01:03:47,407 - INFO - Saved metrics to tuning_runs/phasenet_Iquique/lr1e-2_s20_e40/evaluation/phasenet_best_lr1e-2_s20_e40_Iquique_metrics_thresh0.3.csv
2025-05-26 01:03:47,822 - INFO - Saved PR curves to tuning_runs/phasenet_Iquique/lr1e-2_s20_e40/evaluation/phasenet_best_lr1e-2_s20_e40_Iquique_PR_curves.png
2025-05-26 01:03:48,524 - INFO - Pick-time errors for S: N=1, median=0.0 samples, mean=0.0, std=0.0
2025-05-26 01:03:48,748 - INFO - Pick-time errors for N: N=1, median=0.0 samples, mean=0.0, std=0.0
